
May 20, 2018 17:02:16.11 NEW SESSION
May 20, 2018 17:02:16.11 
May 20, 2018 17:02:16.11 ###!!! [Parent][DispatchAsyncMessage] Error: PClientSourceOp::Msg___delete__ Route error: message sent to unknown actor ID
May 20, 2018 17:02:16.11 
May 20, 2018 17:02:19.05 [Child 4668, MediaPlayback #1] WARNING: Decoder=9eac0b80 Decode error: NS_ERROR_DOM_MEDIA_FATAL_ERR (0x806e0005) - RefPtr<mozilla::MozPromise<RefPtr<mozilla::MediaTrackDemuxer::SamplesHolder>, mozilla::MediaResult, true> > mozilla::MediaSourceTrackDemuxer::DoGetSamples(int32_t): manager is detached.: file /build/firefox-8jFq3U/firefox-59.0.2+linuxmint1+sylvia/dom/media/MediaDecoderStateMachine.cpp, line 3453
May 20, 2018 17:02:19.05 [Child 4668, MediaPlayback #1] WARNING: Decoder=9eac0b80 Decode error: NS_ERROR_DOM_MEDIA_FATAL_ERR (0x806e0005) - RefPtr<mozilla::MozPromise<RefPtr<mozilla::MediaTrackDemuxer::SamplesHolder>, mozilla::MediaResult, true> > mozilla::MediaSourceTrackDemuxer::DoGetSamples(int32_t): manager is detached.: file /build/firefox-8jFq3U/firefox-59.0.2+linuxmint1+sylvia/dom/media/MediaDecoderStateMachine.cpp, line 3453
May 20, 2018 17:02:19.05 [Child 4668, MediaPlayback #1] WARNING: Decoder=9eac0b80 Decode error: NS_ERROR_DOM_MEDIA_FATAL_ERR (0x806e0005) - RefPtr<mozilla::MozPromise<RefPtr<mozilla::MediaTrackDemuxer::SamplesHolder>, mozilla::MediaResult, true> > mozilla::MediaSourceTrackDemuxer::DoGetSamples(int32_t): manager is detached.: file /build/firefox-8jFq3U/firefox-59.0.2+linuxmint1+sylvia/dom/media/MediaDecoderStateMachine.cpp, line 3453
May 20, 2018 17:02:19.07 [Child 4668, MediaPlayback #1] WARNING: Decoder=9eac0b80 Decode error: NS_ERROR_DOM_MEDIA_FATAL_ERR (0x806e0005) - RefPtr<mozilla::MozPromise<RefPtr<mozilla::MediaTrackDemuxer::SamplesHolder>, mozilla::MediaResult, true> > mozilla::MediaSourceTrackDemuxer::DoGetSamples(int32_t): manager is detached.: file /build/firefox-8jFq3U/firefox-59.0.2+linuxmint1+sylvia/dom/media/MediaDecoderStateMachine.cpp, line 3453
May 20, 2018 17:02:19.08 [Child 4668, MediaPlayback #1] WARNING: Decoder=9eac0b80 Decode error: NS_ERROR_DOM_MEDIA_FATAL_ERR (0x806e0005) - RefPtr<mozilla::MozPromise<RefPtr<mozilla::MediaTrackDemuxer::SamplesHolder>, mozilla::MediaResult, true> > mozilla::MediaSourceTrackDemuxer::DoGetSamples(int32_t): manager is detached.: file /build/firefox-8jFq3U/firefox-59.0.2+linuxmint1+sylvia/dom/media/MediaDecoderStateMachine.cpp, line 3453
May 20, 2018 17:02:19.10 [Child 4668, MediaPlayback #4] WARNING: Decoder=9eac0b80 Decode error: NS_ERROR_DOM_MEDIA_FATAL_ERR (0x806e0005) - RefPtr<mozilla::MozPromise<RefPtr<mozilla::MediaTrackDemuxer::SamplesHolder>, mozilla::MediaResult, true> > mozilla::MediaSourceTrackDemuxer::DoGetSamples(int32_t): manager is detached.: file /build/firefox-8jFq3U/firefox-59.0.2+linuxmint1+sylvia/dom/media/MediaDecoderStateMachine.cpp, line 3453
May 20, 2018 17:02:19.13 [Child 4668, MediaPlayback #4] WARNING: Decoder=9eac0b80 Decode error: NS_ERROR_DOM_MEDIA_FATAL_ERR (0x806e0005) - RefPtr<mozilla::MozPromise<RefPtr<mozilla::MediaTrackDemuxer::SamplesHolder>, mozilla::MediaResult, true> > mozilla::MediaSourceTrackDemuxer::DoGetSamples(int32_t): manager is detached.: file /build/firefox-8jFq3U/firefox-59.0.2+linuxmint1+sylvia/dom/media/MediaDecoderStateMachine.cpp, line 3453
May 20, 2018 17:02:19.13 [Child 4668, MediaPlayback #3] WARNING: Decoder=9eac0b80 Decode error: NS_ERROR_DOM_MEDIA_FATAL_ERR (0x806e0005) - RefPtr<mozilla::MozPromise<RefPtr<mozilla::MediaTrackDemuxer::SamplesHolder>, mozilla::MediaResult, true> > mozilla::MediaSourceTrackDemuxer::DoGetSamples(int32_t): manager is detached.: file /build/firefox-8jFq3U/firefox-59.0.2+linuxmint1+sylvia/dom/media/MediaDecoderStateMachine.cpp, line 3453
May 20, 2018 17:02:19.16 [Child 4668, MediaPlayback #3] WARNING: Decoder=9eac0b80 Decode error: NS_ERROR_DOM_MEDIA_FATAL_ERR (0x806e0005) - RefPtr<mozilla::MozPromise<RefPtr<mozilla::MediaTrackDemuxer::SamplesHolder>, mozilla::MediaResult, true> > mozilla::MediaSourceTrackDemuxer::DoGetSamples(int32_t): manager is detached.: file /build/firefox-8jFq3U/firefox-59.0.2+linuxmint1+sylvia/dom/media/MediaDecoderStateMachine.cpp, line 3453
May 20, 2018 17:02:19.17 [Child 4668, MediaPlayback #3] WARNING: Decoder=9eac0b80 Decode error: NS_ERROR_DOM_MEDIA_FATAL_ERR (0x806e0005) - RefPtr<mozilla::MozPromise<RefPtr<mozilla::MediaTrackDemuxer::SamplesHolder>, mozilla::MediaResult, true> > mozilla::MediaSourceTrackDemuxer::DoGetSamples(int32_t): manager is detached.: file /build/firefox-8jFq3U/firefox-59.0.2+linuxmint1+sylvia/dom/media/MediaDecoderStateMachine.cpp, line 3453
May 20, 2018 17:02:19.19 [Child 4668, MediaPlayback #1] WARNING: Decoder=9eac0b80 Decode error: NS_ERROR_DOM_MEDIA_FATAL_ERR (0x806e0005) - RefPtr<mozilla::MozPromise<RefPtr<mozilla::MediaTrackDemuxer::SamplesHolder>, mozilla::MediaResult, true> > mozilla::MediaSourceTrackDemuxer::DoGetSamples(int32_t): manager is detached.: file /build/firefox-8jFq3U/firefox-59.0.2+linuxmint1+sylvia/dom/media/MediaDecoderStateMachine.cpp, line 3453
May 20, 2018 17:02:23.14 
May 20, 2018 17:02:23.14 ###!!! [Parent][DispatchAsyncMessage] Error: PClientSourceOp::Msg___delete__ Route error: message sent to unknown actor ID
May 20, 2018 17:02:23.14 
May 20, 2018 17:04:42.97 
May 20, 2018 17:04:42.97 ###!!! [Parent][DispatchAsyncMessage] Error: PClientSourceOp::Msg___delete__ Route error: message sent to unknown actor ID
May 20, 2018 17:04:42.97 
May 20, 2018 17:29:57.77 [Child 4668, MediaPlayback #2] WARNING: Decoder=9bac1ee0 Decode error: NS_ERROR_DOM_MEDIA_FATAL_ERR (0x806e0005) - RefPtr<mozilla::MozPromise<RefPtr<mozilla::MediaTrackDemuxer::SamplesHolder>, mozilla::MediaResult, true> > mozilla::MediaSourceTrackDemuxer::DoGetSamples(int32_t): manager is detached.: file /build/firefox-8jFq3U/firefox-59.0.2+linuxmint1+sylvia/dom/media/MediaDecoderStateMachine.cpp, line 3453
May 20, 2018 17:29:57.78 [Child 4668, MediaPlayback #1] WARNING: Decoder=9bac1ee0 Decode error: NS_ERROR_DOM_MEDIA_FATAL_ERR (0x806e0005) - RefPtr<mozilla::MozPromise<RefPtr<mozilla::MediaTrackDemuxer::SamplesHolder>, mozilla::MediaResult, true> > mozilla::MediaSourceTrackDemuxer::DoGetSamples(int32_t): manager is detached.: file /build/firefox-8jFq3U/firefox-59.0.2+linuxmint1+sylvia/dom/media/MediaDecoderStateMachine.cpp, line 3453
May 20, 2018 17:30:34.09 
May 20, 2018 17:30:34.09 ###!!! [Parent][RunMessage] Error: Channel closing: too late to send/recv, messages will be lost
May 20, 2018 17:30:34.09 
May 20, 2018 17:30:34.09 
May 20, 2018 17:30:34.09 ###!!! [Parent][RunMessage] Error: Channel closing: too late to send/recv, messages will be lost
May 20, 2018 17:30:34.09 
May 20, 2018 17:30:34.09 
May 20, 2018 17:30:34.09 ###!!! [Parent][RunMessage] Error: Channel closing: too late to send/recv, messages will be lost
May 20, 2018 17:30:34.09 
May 20, 2018 17:30:34.09 [Parent 4538, Gecko_IOThread] WARNING: pipe error (91): Connection reset by peer: file /build/firefox-8jFq3U/firefox-59.0.2+linuxmint1+sylvia/ipc/chromium/src/chrome/common/ipc_channel_posix.cc, line 353
May 20, 2018 17:32:16.88 [Child 4668, MediaPlayback #3] WARNING: Decoder=9a96c040 Decode error: NS_ERROR_DOM_MEDIA_FATAL_ERR (0x806e0005) - RefPtr<mozilla::MozPromise<RefPtr<mozilla::MediaTrackDemuxer::SamplesHolder>, mozilla::MediaResult, true> > mozilla::MediaSourceTrackDemuxer::DoGetSamples(int32_t): manager is detached.: file /build/firefox-8jFq3U/firefox-59.0.2+linuxmint1+sylvia/dom/media/MediaDecoderStateMachine.cpp, line 3453
May 20, 2018 17:34:20.93 [Child 4668, MediaPlayback #3] WARNING: Decoder=8b5dbee0 Decode error: NS_ERROR_DOM_MEDIA_FATAL_ERR (0x806e0005) - RefPtr<mozilla::MozPromise<RefPtr<mozilla::MediaTrackDemuxer::SamplesHolder>, mozilla::MediaResult, true> > mozilla::MediaSourceTrackDemuxer::DoGetSamples(int32_t): manager is detached.: file /build/firefox-8jFq3U/firefox-59.0.2+linuxmint1+sylvia/dom/media/MediaDecoderStateMachine.cpp, line 3453
May 20, 2018 17:34:32.42 [Parent 4538, Gecko_IOThread] WARNING: pipe error (119): Connection reset by peer: file /build/firefox-8jFq3U/firefox-59.0.2+linuxmint1+sylvia/ipc/chromium/src/chrome/common/ipc_channel_posix.cc, line 353
May 20, 2018 17:34:48.94 
May 20, 2018 17:34:48.94 ###!!! [Parent][DispatchAsyncMessage] Error: PClientSourceOp::Msg___delete__ Route error: message sent to unknown actor ID
May 20, 2018 17:34:48.94 
May 20, 2018 17:34:48.94 
May 20, 2018 17:34:48.94 ###!!! [Parent][DispatchAsyncMessage] Error: PClientSourceOp::Msg___delete__ Route error: message sent to unknown actor ID
May 20, 2018 17:34:48.94 
May 20, 2018 18:03:55.41 
May 20, 2018 18:03:55.43 ###!!! [Parent][DispatchAsyncMessage] Error: PClientSourceOp::Msg___delete__ Route error: message sent to unknown actor ID
May 20, 2018 18:03:55.43 
May 20, 2018 18:04:24.13 [Child 5222, MediaPlayback #3] WARNING: Decoder=901c2940 Decode error: NS_ERROR_DOM_MEDIA_FATAL_ERR (0x806e0005) - RefPtr<mozilla::MozPromise<RefPtr<mozilla::MediaTrackDemuxer::SamplesHolder>, mozilla::MediaResult, true> > mozilla::MediaSourceTrackDemuxer::DoGetSamples(int32_t): manager is detached.: file /build/firefox-8jFq3U/firefox-59.0.2+linuxmint1+sylvia/dom/media/MediaDecoderStateMachine.cpp, line 3453
May 20, 2018 18:04:24.13 [Child 5222, MediaPlayback #1] WARNING: Decoder=901c2940 Decode error: NS_ERROR_DOM_MEDIA_FATAL_ERR (0x806e0005) - RefPtr<mozilla::MozPromise<RefPtr<mozilla::MediaTrackDemuxer::SamplesHolder>, mozilla::MediaResult, true> > mozilla::MediaSourceTrackDemuxer::DoGetSamples(int32_t): manager is detached.: file /build/firefox-8jFq3U/firefox-59.0.2+linuxmint1+sylvia/dom/media/MediaDecoderStateMachine.cpp, line 3453
May 20, 2018 18:04:24.13 [Child 5222, MediaPlayback #1] WARNING: Decoder=901c2940 Decode error: NS_ERROR_DOM_MEDIA_FATAL_ERR (0x806e0005) - RefPtr<mozilla::MozPromise<RefPtr<mozilla::MediaTrackDemuxer::SamplesHolder>, mozilla::MediaResult, true> > mozilla::MediaSourceTrackDemuxer::DoGetSamples(int32_t): manager is detached.: file /build/firefox-8jFq3U/firefox-59.0.2+linuxmint1+sylvia/dom/media/MediaDecoderStateMachine.cpp, line 3453
May 20, 2018 18:04:24.13 [Child 5222, MediaPlayback #1] WARNING: Decoder=901c2940 Decode error: NS_ERROR_DOM_MEDIA_FATAL_ERR (0x806e0005) - RefPtr<mozilla::MozPromise<RefPtr<mozilla::MediaTrackDemuxer::SamplesHolder>, mozilla::MediaResult, true> > mozilla::MediaSourceTrackDemuxer::DoGetSamples(int32_t): manager is detached.: file /build/firefox-8jFq3U/firefox-59.0.2+linuxmint1+sylvia/dom/media/MediaDecoderStateMachine.cpp, line 3453
May 20, 2018 18:04:24.16 [Child 5222, MediaPlayback #1] WARNING: Decoder=901c2940 Decode error: NS_ERROR_DOM_MEDIA_FATAL_ERR (0x806e0005) - RefPtr<mozilla::MozPromise<RefPtr<mozilla::MediaTrackDemuxer::SamplesHolder>, mozilla::MediaResult, true> > mozilla::MediaSourceTrackDemuxer::DoGetSamples(int32_t): manager is detached.: file /build/firefox-8jFq3U/firefox-59.0.2+linuxmint1+sylvia/dom/media/MediaDecoderStateMachine.cpp, line 3453
May 20, 2018 18:04:24.17 [Child 5222, MediaPlayback #3] WARNING: Decoder=901c2940 Decode error: NS_ERROR_DOM_MEDIA_FATAL_ERR (0x806e0005) - RefPtr<mozilla::MozPromise<RefPtr<mozilla::MediaTrackDemuxer::SamplesHolder>, mozilla::MediaResult, true> > mozilla::MediaSourceTrackDemuxer::DoGetSamples(int32_t): manager is detached.: file /build/firefox-8jFq3U/firefox-59.0.2+linuxmint1+sylvia/dom/media/MediaDecoderStateMachine.cpp, line 3453

May 25, 2018 20:01:11.84 NEW SESSION
May 25, 2018 20:01:11.87 
May 25, 2018 20:01:11.88 ###!!! [Parent][DispatchAsyncMessage] Error: PClientSourceOp::Msg___delete__ Route error: message sent to unknown actor ID
May 25, 2018 20:01:11.88 
May 25, 2018 20:01:32.87 
May 25, 2018 20:01:32.87 ###!!! [Parent][DispatchAsyncMessage] Error: PClientSourceOp::Msg___delete__ Route error: message sent to unknown actor ID
May 25, 2018 20:01:32.87 
May 25, 2018 20:11:18.24 
May 25, 2018 20:11:18.24 ###!!! [Parent][DispatchAsyncMessage] Error: PClientSourceOp::Msg___delete__ Route error: message sent to unknown actor ID
May 25, 2018 20:11:18.24 
May 25, 2018 20:28:55.14 
May 25, 2018 20:28:55.14 ###!!! [Parent][DispatchAsyncMessage] Error: PClientSourceOp::Msg___delete__ Route error: message sent to unknown actor ID
May 25, 2018 20:28:55.14 
May 25, 2018 20:28:55.14 
May 25, 2018 20:28:55.14 ###!!! [Parent][DispatchAsyncMessage] Error: PClientSourceOp::Msg___delete__ Route error: message sent to unknown actor ID
May 25, 2018 20:28:55.14 

May 27, 2018 11:52:59.80 NEW SESSION
May 27, 2018 11:52:59.80 
May 27, 2018 11:52:59.81 ###!!! [Parent][DispatchAsyncMessage] Error: PClientSourceOp::Msg___delete__ Route error: message sent to unknown actor ID
May 27, 2018 11:52:59.81 
May 27, 2018 11:53:15.45 [Child 32540, MediaPlayback #3] WARNING: Decoder=9fa634c0 Decode error: NS_ERROR_DOM_MEDIA_FATAL_ERR (0x806e0005) - RefPtr<mozilla::MozPromise<RefPtr<mozilla::MediaTrackDemuxer::SamplesHolder>, mozilla::MediaResult, true> > mozilla::MediaSourceTrackDemuxer::DoGetSamples(int32_t): manager is detached.: file /build/firefox-8jFq3U/firefox-59.0.2+linuxmint1+sylvia/dom/media/MediaDecoderStateMachine.cpp, line 3453
May 27, 2018 11:53:15.46 [Child 32540, MediaPlayback #2] WARNING: Decoder=9fa634c0 Decode error: NS_ERROR_DOM_MEDIA_FATAL_ERR (0x806e0005) - RefPtr<mozilla::MozPromise<RefPtr<mozilla::MediaTrackDemuxer::SamplesHolder>, mozilla::MediaResult, true> > mozilla::MediaSourceTrackDemuxer::DoGetSamples(int32_t): manager is detached.: file /build/firefox-8jFq3U/firefox-59.0.2+linuxmint1+sylvia/dom/media/MediaDecoderStateMachine.cpp, line 3453
May 27, 2018 11:53:15.49 [Child 32540, MediaPlayback #3] WARNING: Decoder=9fa634c0 Decode error: NS_ERROR_DOM_MEDIA_FATAL_ERR (0x806e0005) - RefPtr<mozilla::MozPromise<RefPtr<mozilla::MediaTrackDemuxer::SamplesHolder>, mozilla::MediaResult, true> > mozilla::MediaSourceTrackDemuxer::DoGetSamples(int32_t): manager is detached.: file /build/firefox-8jFq3U/firefox-59.0.2+linuxmint1+sylvia/dom/media/MediaDecoderStateMachine.cpp, line 3453
May 27, 2018 11:53:15.49 [Child 32540, MediaPlayback #3] WARNING: Decoder=9fa634c0 Decode error: NS_ERROR_DOM_MEDIA_FATAL_ERR (0x806e0005) - RefPtr<mozilla::MozPromise<RefPtr<mozilla::MediaTrackDemuxer::SamplesHolder>, mozilla::MediaResult, true> > mozilla::MediaSourceTrackDemuxer::DoGetSamples(int32_t): manager is detached.: file /build/firefox-8jFq3U/firefox-59.0.2+linuxmint1+sylvia/dom/media/MediaDecoderStateMachine.cpp, line 3453
May 27, 2018 11:55:15.85 [Child 32540, MediaPlayback #2] WARNING: Decoder=9a0a4b80 Decode error: NS_ERROR_DOM_MEDIA_FATAL_ERR (0x806e0005) - RefPtr<mozilla::MozPromise<RefPtr<mozilla::MediaTrackDemuxer::SamplesHolder>, mozilla::MediaResult, true> > mozilla::MediaSourceTrackDemuxer::DoGetSamples(int32_t): manager is detached.: file /build/firefox-8jFq3U/firefox-59.0.2+linuxmint1+sylvia/dom/media/MediaDecoderStateMachine.cpp, line 3453
May 27, 2018 11:55:15.85 [Child 32540, MediaPlayback #2] WARNING: Decoder=9a0a4b80 Decode error: NS_ERROR_DOM_MEDIA_FATAL_ERR (0x806e0005) - RefPtr<mozilla::MozPromise<RefPtr<mozilla::MediaTrackDemuxer::SamplesHolder>, mozilla::MediaResult, true> > mozilla::MediaSourceTrackDemuxer::DoGetSamples(int32_t): manager is detached.: file /build/firefox-8jFq3U/firefox-59.0.2+linuxmint1+sylvia/dom/media/MediaDecoderStateMachine.cpp, line 3453
May 27, 2018 11:55:15.88 [Child 32540, MediaPlayback #2] WARNING: Decoder=9a0a4b80 Decode error: NS_ERROR_DOM_MEDIA_FATAL_ERR (0x806e0005) - RefPtr<mozilla::MozPromise<RefPtr<mozilla::MediaTrackDemuxer::SamplesHolder>, mozilla::MediaResult, true> > mozilla::MediaSourceTrackDemuxer::DoGetSamples(int32_t): manager is detached.: file /build/firefox-8jFq3U/firefox-59.0.2+linuxmint1+sylvia/dom/media/MediaDecoderStateMachine.cpp, line 3453
May 27, 2018 11:55:15.88 [Child 32540, MediaPlayback #1] WARNING: Decoder=9a0a4b80 Decode error: NS_ERROR_DOM_MEDIA_FATAL_ERR (0x806e0005) - RefPtr<mozilla::MozPromise<RefPtr<mozilla::MediaTrackDemuxer::SamplesHolder>, mozilla::MediaResult, true> > mozilla::MediaSourceTrackDemuxer::DoGetSamples(int32_t): manager is detached.: file /build/firefox-8jFq3U/firefox-59.0.2+linuxmint1+sylvia/dom/media/MediaDecoderStateMachine.cpp, line 3453
May 27, 2018 11:55:15.91 [Child 32540, MediaPlayback #3] WARNING: Decoder=9a0a4b80 Decode error: NS_ERROR_DOM_MEDIA_FATAL_ERR (0x806e0005) - RefPtr<mozilla::MozPromise<RefPtr<mozilla::MediaTrackDemuxer::SamplesHolder>, mozilla::MediaResult, true> > mozilla::MediaSourceTrackDemuxer::DoGetSamples(int32_t): manager is detached.: file /build/firefox-8jFq3U/firefox-59.0.2+linuxmint1+sylvia/dom/media/MediaDecoderStateMachine.cpp, line 3453
May 27, 2018 11:55:15.92 [Child 32540, MediaPlayback #3] WARNING: Decoder=9a0a4b80 Decode error: NS_ERROR_DOM_MEDIA_FATAL_ERR (0x806e0005) - RefPtr<mozilla::MozPromise<RefPtr<mozilla::MediaTrackDemuxer::SamplesHolder>, mozilla::MediaResult, true> > mozilla::MediaSourceTrackDemuxer::DoGetSamples(int32_t): manager is detached.: file /build/firefox-8jFq3U/firefox-59.0.2+linuxmint1+sylvia/dom/media/MediaDecoderStateMachine.cpp, line 3453
May 27, 2018 11:55:15.94 [Child 32540, MediaPlayback #3] WARNING: Decoder=9a0a4b80 Decode error: NS_ERROR_DOM_MEDIA_FATAL_ERR (0x806e0005) - RefPtr<mozilla::MozPromise<RefPtr<mozilla::MediaTrackDemuxer::SamplesHolder>, mozilla::MediaResult, true> > mozilla::MediaSourceTrackDemuxer::DoGetSamples(int32_t): manager is detached.: file /build/firefox-8jFq3U/firefox-59.0.2+linuxmint1+sylvia/dom/media/MediaDecoderStateMachine.cpp, line 3453
May 27, 2018 11:55:15.95 [Child 32540, MediaPlayback #2] WARNING: Decoder=9a0a4b80 Decode error: NS_ERROR_DOM_MEDIA_FATAL_ERR (0x806e0005) - RefPtr<mozilla::MozPromise<RefPtr<mozilla::MediaTrackDemuxer::SamplesHolder>, mozilla::MediaResult, true> > mozilla::MediaSourceTrackDemuxer::DoGetSamples(int32_t): manager is detached.: file /build/firefox-8jFq3U/firefox-59.0.2+linuxmint1+sylvia/dom/media/MediaDecoderStateMachine.cpp, line 3453
May 27, 2018 11:55:21.24 
May 27, 2018 11:55:21.24 ###!!! [Parent][DispatchAsyncMessage] Error: PClientSourceOp::Msg___delete__ Route error: message sent to unknown actor ID
May 27, 2018 11:55:21.24 
May 27, 2018 13:01:57.20 [Child 32540, MediaPlayback #2] WARNING: Decoder=99def3a0 Decode error: NS_ERROR_DOM_MEDIA_FATAL_ERR (0x806e0005) - RefPtr<mozilla::MozPromise<RefPtr<mozilla::MediaTrackDemuxer::SamplesHolder>, mozilla::MediaResult, true> > mozilla::MediaSourceTrackDemuxer::DoGetSamples(int32_t): manager is detached.: file /build/firefox-8jFq3U/firefox-59.0.2+linuxmint1+sylvia/dom/media/MediaDecoderStateMachine.cpp, line 3453
May 27, 2018 13:02:01.56 
May 27, 2018 13:02:01.56 ###!!! [Parent][DispatchAsyncMessage] Error: PClientSourceOp::Msg___delete__ Route error: message sent to unknown actor ID
May 27, 2018 13:02:01.56 
May 27, 2018 13:05:34.18 [Child 32540, MediaPlayback #2] WARNING: Decoder=9a187a60 Decode error: NS_ERROR_DOM_MEDIA_FATAL_ERR (0x806e0005) - RefPtr<mozilla::MozPromise<RefPtr<mozilla::MediaTrackDemuxer::SamplesHolder>, mozilla::MediaResult, true> > mozilla::MediaSourceTrackDemuxer::DoGetSamples(int32_t): manager is detached.: file /build/firefox-8jFq3U/firefox-59.0.2+linuxmint1+sylvia/dom/media/MediaDecoderStateMachine.cpp, line 3453
May 27, 2018 13:05:34.21 [Child 32540, MediaPlayback #3] WARNING: Decoder=9a187a60 Decode error: NS_ERROR_DOM_MEDIA_FATAL_ERR (0x806e0005) - RefPtr<mozilla::MozPromise<RefPtr<mozilla::MediaTrackDemuxer::SamplesHolder>, mozilla::MediaResult, true> > mozilla::MediaSourceTrackDemuxer::DoGetSamples(int32_t): manager is detached.: file /build/firefox-8jFq3U/firefox-59.0.2+linuxmint1+sylvia/dom/media/MediaDecoderStateMachine.cpp, line 3453
May 27, 2018 13:05:34.21 [Child 32540, MediaPlayback #2] WARNING: Decoder=9a187a60 Decode error: NS_ERROR_DOM_MEDIA_FATAL_ERR (0x806e0005) - RefPtr<mozilla::MozPromise<RefPtr<mozilla::MediaTrackDemuxer::SamplesHolder>, mozilla::MediaResult, true> > mozilla::MediaSourceTrackDemuxer::DoGetSamples(int32_t): manager is detached.: file /build/firefox-8jFq3U/firefox-59.0.2+linuxmint1+sylvia/dom/media/MediaDecoderStateMachine.cpp, line 3453
May 27, 2018 13:05:34.22 [Child 32540, MediaPlayback #2] WARNING: Decoder=9a187a60 Decode error: NS_ERROR_DOM_MEDIA_FATAL_ERR (0x806e0005) - RefPtr<mozilla::MozPromise<RefPtr<mozilla::MediaTrackDemuxer::SamplesHolder>, mozilla::MediaResult, true> > mozilla::MediaSourceTrackDemuxer::DoGetSamples(int32_t): manager is detached.: file /build/firefox-8jFq3U/firefox-59.0.2+linuxmint1+sylvia/dom/media/MediaDecoderStateMachine.cpp, line 3453
May 27, 2018 13:05:34.24 [Child 32540, MediaPlayback #3] WARNING: Decoder=9a187a60 Decode error: NS_ERROR_DOM_MEDIA_FATAL_ERR (0x806e0005) - RefPtr<mozilla::MozPromise<RefPtr<mozilla::MediaTrackDemuxer::SamplesHolder>, mozilla::MediaResult, true> > mozilla::MediaSourceTrackDemuxer::DoGetSamples(int32_t): manager is detached.: file /build/firefox-8jFq3U/firefox-59.0.2+linuxmint1+sylvia/dom/media/MediaDecoderStateMachine.cpp, line 3453

Jun 03, 2018 13:38:50.46 NEW SESSION
Jun 03, 2018 13:38:50.46 
Jun 03, 2018 13:38:50.48 ###!!! [Parent][DispatchAsyncMessage] Error: PClientSourceOp::Msg___delete__ Route error: message sent to unknown actor ID
Jun 03, 2018 13:38:50.48 
Jun 03, 2018 13:39:09.35 [Parent 7871, Gecko_IOThread] WARNING: pipe error (193): Connection reset by peer: file /build/firefox-8jFq3U/firefox-59.0.2+linuxmint1+sylvia/ipc/chromium/src/chrome/common/ipc_channel_posix.cc, line 353
Jun 03, 2018 13:39:29.59 [Child 8077, MediaPlayback #1] WARNING: Decoder=99ef3b80 Decode error: NS_ERROR_DOM_MEDIA_FATAL_ERR (0x806e0005) - RefPtr<mozilla::MozPromise<RefPtr<mozilla::MediaTrackDemuxer::SamplesHolder>, mozilla::MediaResult, true> > mozilla::MediaSourceTrackDemuxer::DoGetSamples(int32_t): manager is detached.: file /build/firefox-8jFq3U/firefox-59.0.2+linuxmint1+sylvia/dom/media/MediaDecoderStateMachine.cpp, line 3453
Jun 03, 2018 13:39:29.59 [Child 8077, MediaPlayback #3] WARNING: Decoder=99ef3b80 Decode error: NS_ERROR_DOM_MEDIA_FATAL_ERR (0x806e0005) - RefPtr<mozilla::MozPromise<RefPtr<mozilla::MediaTrackDemuxer::SamplesHolder>, mozilla::MediaResult, true> > mozilla::MediaSourceTrackDemuxer::DoGetSamples(int32_t): manager is detached.: file /build/firefox-8jFq3U/firefox-59.0.2+linuxmint1+sylvia/dom/media/MediaDecoderStateMachine.cpp, line 3453
Jun 03, 2018 13:53:03.17 
Jun 03, 2018 13:53:03.23 ###!!! [Parent][DispatchAsyncMessage] Error: PClientSourceOp::Msg___delete__ Route error: message sent to unknown actor ID
Jun 03, 2018 13:53:03.23 
Jun 03, 2018 13:53:18.47 [Child 8077, MediaPlayback #3] WARNING: Decoder=a0174b80 Decode error: NS_ERROR_DOM_MEDIA_FATAL_ERR (0x806e0005) - RefPtr<mozilla::MozPromise<RefPtr<mozilla::MediaTrackDemuxer::SamplesHolder>, mozilla::MediaResult, true> > mozilla::MediaSourceTrackDemuxer::DoGetSamples(int32_t): manager is detached.: file /build/firefox-8jFq3U/firefox-59.0.2+linuxmint1+sylvia/dom/media/MediaDecoderStateMachine.cpp, line 3453
Jun 03, 2018 14:00:33.42 [Child 8077, MediaPlayback #5] WARNING: Decoder=9981d280 Decode error: NS_ERROR_DOM_MEDIA_FATAL_ERR (0x806e0005) - RefPtr<mozilla::MozPromise<RefPtr<mozilla::MediaTrackDemuxer::SamplesHolder>, mozilla::MediaResult, true> > mozilla::MediaSourceTrackDemuxer::DoGetSamples(int32_t): manager is detached.: file /build/firefox-8jFq3U/firefox-59.0.2+linuxmint1+sylvia/dom/media/MediaDecoderStateMachine.cpp, line 3453
Jun 03, 2018 14:00:33.52 [Child 8077, MediaPlayback #5] WARNING: Decoder=9981d280 Decode error: NS_ERROR_DOM_MEDIA_FATAL_ERR (0x806e0005) - RefPtr<mozilla::MozPromise<RefPtr<mozilla::MediaTrackDemuxer::SamplesHolder>, mozilla::MediaResult, true> > mozilla::MediaSourceTrackDemuxer::DoGetSamples(int32_t): manager is detached.: file /build/firefox-8jFq3U/firefox-59.0.2+linuxmint1+sylvia/dom/media/MediaDecoderStateMachine.cpp, line 3453
Jun 03, 2018 14:00:33.52 [Child 8077, MediaPlayback #5] WARNING: Decoder=9981d280 Decode error: NS_ERROR_DOM_MEDIA_FATAL_ERR (0x806e0005) - RefPtr<mozilla::MozPromise<RefPtr<mozilla::MediaTrackDemuxer::SamplesHolder>, mozilla::MediaResult, true> > mozilla::MediaSourceTrackDemuxer::DoGetSamples(int32_t): manager is detached.: file /build/firefox-8jFq3U/firefox-59.0.2+linuxmint1+sylvia/dom/media/MediaDecoderStateMachine.cpp, line 3453
Jun 03, 2018 14:00:33.52 [Child 8077, MediaPlayback #5] WARNING: Decoder=9981d280 Decode error: NS_ERROR_DOM_MEDIA_FATAL_ERR (0x806e0005) - RefPtr<mozilla::MozPromise<RefPtr<mozilla::MediaTrackDemuxer::SamplesHolder>, mozilla::MediaResult, true> > mozilla::MediaSourceTrackDemuxer::DoGetSamples(int32_t): manager is detached.: file /build/firefox-8jFq3U/firefox-59.0.2+linuxmint1+sylvia/dom/media/MediaDecoderStateMachine.cpp, line 3453
Jun 03, 2018 14:00:33.52 [Child 8077, MediaPlayback #2] WARNING: Decoder=9981d280 Decode error: NS_ERROR_DOM_MEDIA_FATAL_ERR (0x806e0005) - RefPtr<mozilla::MozPromise<RefPtr<mozilla::MediaTrackDemuxer::SamplesHolder>, mozilla::MediaResult, true> > mozilla::MediaSourceTrackDemuxer::DoGetSamples(int32_t): manager is detached.: file /build/firefox-8jFq3U/firefox-59.0.2+linuxmint1+sylvia/dom/media/MediaDecoderStateMachine.cpp, line 3453
Jun 03, 2018 14:00:33.52 [Child 8077, MediaPlayback #5] WARNING: Decoder=9981d280 Decode error: NS_ERROR_DOM_MEDIA_FATAL_ERR (0x806e0005) - RefPtr<mozilla::MozPromise<RefPtr<mozilla::MediaTrackDemuxer::SamplesHolder>, mozilla::MediaResult, true> > mozilla::MediaSourceTrackDemuxer::DoGetSamples(int32_t): manager is detached.: file /build/firefox-8jFq3U/firefox-59.0.2+linuxmint1+sylvia/dom/media/MediaDecoderStateMachine.cpp, line 3453
Jun 03, 2018 14:00:57.12 [Child 8077, MediaPlayback #2] WARNING: Decoder=86afe700 Decode error: NS_ERROR_DOM_MEDIA_FATAL_ERR (0x806e0005) - RefPtr<mozilla::MozPromise<RefPtr<mozilla::MediaTrackDemuxer::SamplesHolder>, mozilla::MediaResult, true> > mozilla::MediaSourceTrackDemuxer::DoGetSamples(int32_t): manager is detached.: file /build/firefox-8jFq3U/firefox-59.0.2+linuxmint1+sylvia/dom/media/MediaDecoderStateMachine.cpp, line 3453
Jun 03, 2018 14:07:05.52 [Child 8077, MediaPlayback #3] WARNING: Decoder=816b45e0 Decode error: NS_ERROR_DOM_MEDIA_FATAL_ERR (0x806e0005) - RefPtr<mozilla::MozPromise<RefPtr<mozilla::MediaTrackDemuxer::SamplesHolder>, mozilla::MediaResult, true> > mozilla::MediaSourceTrackDemuxer::DoGetSamples(int32_t): manager is detached.: file /build/firefox-8jFq3U/firefox-59.0.2+linuxmint1+sylvia/dom/media/MediaDecoderStateMachine.cpp, line 3453
Jun 03, 2018 14:07:05.52 [Child 8077, MediaPlayback #4] WARNING: Decoder=816b45e0 Decode error: NS_ERROR_DOM_MEDIA_FATAL_ERR (0x806e0005) - RefPtr<mozilla::MozPromise<RefPtr<mozilla::MediaTrackDemuxer::SamplesHolder>, mozilla::MediaResult, true> > mozilla::MediaSourceTrackDemuxer::DoGetSamples(int32_t): manager is detached.: file /build/firefox-8jFq3U/firefox-59.0.2+linuxmint1+sylvia/dom/media/MediaDecoderStateMachine.cpp, line 3453
Jun 03, 2018 14:44:05.38 
Jun 03, 2018 14:44:05.44 ###!!! [Parent][DispatchAsyncMessage] Error: PClientSourceOp::Msg___delete__ Route error: message sent to unknown actor ID
Jun 03, 2018 14:44:05.44 
Jun 03, 2018 14:44:17.39 
Jun 03, 2018 14:44:17.39 ###!!! [Parent][DispatchAsyncMessage] Error: PClientSourceOp::Msg___delete__ Route error: message sent to unknown actor ID
Jun 03, 2018 14:44:17.39 
Jun 03, 2018 14:44:56.87 [Child 10985, MediaPlayback #2] WARNING: Decoder=94fe93a0 Decode error: NS_ERROR_DOM_MEDIA_FATAL_ERR (0x806e0005) - RefPtr<mozilla::MozPromise<RefPtr<mozilla::MediaTrackDemuxer::SamplesHolder>, mozilla::MediaResult, true> > mozilla::MediaSourceTrackDemuxer::DoGetSamples(int32_t): manager is detached.: file /build/firefox-8jFq3U/firefox-59.0.2+linuxmint1+sylvia/dom/media/MediaDecoderStateMachine.cpp, line 3453
Jun 03, 2018 14:44:56.87 [Child 10985, MediaPlayback #3] WARNING: Decoder=94fe93a0 Decode error: NS_ERROR_DOM_MEDIA_FATAL_ERR (0x806e0005) - RefPtr<mozilla::MozPromise<RefPtr<mozilla::MediaTrackDemuxer::SamplesHolder>, mozilla::MediaResult, true> > mozilla::MediaSourceTrackDemuxer::DoGetSamples(int32_t): manager is detached.: file /build/firefox-8jFq3U/firefox-59.0.2+linuxmint1+sylvia/dom/media/MediaDecoderStateMachine.cpp, line 3453
Jun 03, 2018 14:44:56.90 [Child 10985, MediaPlayback #3] WARNING: Decoder=94fe93a0 Decode error: NS_ERROR_DOM_MEDIA_FATAL_ERR (0x806e0005) - RefPtr<mozilla::MozPromise<RefPtr<mozilla::MediaTrackDemuxer::SamplesHolder>, mozilla::MediaResult, true> > mozilla::MediaSourceTrackDemuxer::DoGetSamples(int32_t): manager is detached.: file /build/firefox-8jFq3U/firefox-59.0.2+linuxmint1+sylvia/dom/media/MediaDecoderStateMachine.cpp, line 3453
Jun 03, 2018 14:44:56.91 [Child 10985, MediaPlayback #2] WARNING: Decoder=94fe93a0 Decode error: NS_ERROR_DOM_MEDIA_FATAL_ERR (0x806e0005) - RefPtr<mozilla::MozPromise<RefPtr<mozilla::MediaTrackDemuxer::SamplesHolder>, mozilla::MediaResult, true> > mozilla::MediaSourceTrackDemuxer::DoGetSamples(int32_t): manager is detached.: file /build/firefox-8jFq3U/firefox-59.0.2+linuxmint1+sylvia/dom/media/MediaDecoderStateMachine.cpp, line 3453
Jun 03, 2018 14:44:56.93 [Child 10985, MediaPlayback #2] WARNING: Decoder=94fe93a0 Decode error: NS_ERROR_DOM_MEDIA_FATAL_ERR (0x806e0005) - RefPtr<mozilla::MozPromise<RefPtr<mozilla::MediaTrackDemuxer::SamplesHolder>, mozilla::MediaResult, true> > mozilla::MediaSourceTrackDemuxer::DoGetSamples(int32_t): manager is detached.: file /build/firefox-8jFq3U/firefox-59.0.2+linuxmint1+sylvia/dom/media/MediaDecoderStateMachine.cpp, line 3453
Jun 03, 2018 14:44:56.96 [Child 10985, MediaPlayback #3] WARNING: Decoder=94fe93a0 Decode error: NS_ERROR_DOM_MEDIA_FATAL_ERR (0x806e0005) - RefPtr<mozilla::MozPromise<RefPtr<mozilla::MediaTrackDemuxer::SamplesHolder>, mozilla::MediaResult, true> > mozilla::MediaSourceTrackDemuxer::DoGetSamples(int32_t): manager is detached.: file /build/firefox-8jFq3U/firefox-59.0.2+linuxmint1+sylvia/dom/media/MediaDecoderStateMachine.cpp, line 3453
Jun 03, 2018 14:44:56.96 [Child 10985, MediaPlayback #3] WARNING: Decoder=94fe93a0 Decode error: NS_ERROR_DOM_MEDIA_FATAL_ERR (0x806e0005) - RefPtr<mozilla::MozPromise<RefPtr<mozilla::MediaTrackDemuxer::SamplesHolder>, mozilla::MediaResult, true> > mozilla::MediaSourceTrackDemuxer::DoGetSamples(int32_t): manager is detached.: file /build/firefox-8jFq3U/firefox-59.0.2+linuxmint1+sylvia/dom/media/MediaDecoderStateMachine.cpp, line 3453
Jun 03, 2018 14:44:56.99 [Child 10985, MediaPlayback #2] WARNING: Decoder=94fe93a0 Decode error: NS_ERROR_DOM_MEDIA_FATAL_ERR (0x806e0005) - RefPtr<mozilla::MozPromise<RefPtr<mozilla::MediaTrackDemuxer::SamplesHolder>, mozilla::MediaResult, true> > mozilla::MediaSourceTrackDemuxer::DoGetSamples(int32_t): manager is detached.: file /build/firefox-8jFq3U/firefox-59.0.2+linuxmint1+sylvia/dom/media/MediaDecoderStateMachine.cpp, line 3453
Jun 03, 2018 14:44:57.00 [Child 10985, MediaPlayback #2] WARNING: Decoder=94fe93a0 Decode error: NS_ERROR_DOM_MEDIA_FATAL_ERR (0x806e0005) - RefPtr<mozilla::MozPromise<RefPtr<mozilla::MediaTrackDemuxer::SamplesHolder>, mozilla::MediaResult, true> > mozilla::MediaSourceTrackDemuxer::DoGetSamples(int32_t): manager is detached.: file /build/firefox-8jFq3U/firefox-59.0.2+linuxmint1+sylvia/dom/media/MediaDecoderStateMachine.cpp, line 3453
Jun 03, 2018 14:49:15.38 
Jun 03, 2018 14:49:15.38 ###!!! [Parent][DispatchAsyncMessage] Error: PClientSourceOp::Msg___delete__ Route error: message sent to unknown actor ID
Jun 03, 2018 14:49:15.38 
Jun 03, 2018 14:49:45.16 
Jun 03, 2018 14:49:45.16 ###!!! [Parent][MessageChannel] Error: (msgtype=0x100037,name=PBackground::Msg_DispatchLocalStorageChange) Channel closing: too late to send/recv, messages will be lost
Jun 03, 2018 14:49:45.16 
Jun 03, 2018 14:50:09.62 
Jun 03, 2018 14:50:09.62 ###!!! [Parent][DispatchAsyncMessage] Error: PClientSourceOp::Msg___delete__ Route error: message sent to unknown actor ID
Jun 03, 2018 14:50:09.62 
Jun 03, 2018 15:20:40.21 
Jun 03, 2018 15:20:40.21 ###!!! [Parent][DispatchAsyncMessage] Error: PClientSourceOp::Msg___delete__ Route error: message sent to unknown actor ID
Jun 03, 2018 15:20:40.21 
Jun 03, 2018 15:20:47.42 [Child 9224, MediaPlayback #3] WARNING: Decoder=987a5940 Decode error: NS_ERROR_DOM_MEDIA_FATAL_ERR (0x806e0005) - RefPtr<mozilla::MozPromise<RefPtr<mozilla::MediaTrackDemuxer::SamplesHolder>, mozilla::MediaResult, true> > mozilla::MediaSourceTrackDemuxer::DoGetSamples(int32_t): manager is detached.: file /build/firefox-8jFq3U/firefox-59.0.2+linuxmint1+sylvia/dom/media/MediaDecoderStateMachine.cpp, line 3453
Jun 03, 2018 15:20:47.42 [Child 9224, MediaPlayback #3] WARNING: Decoder=987a5940 Decode error: NS_ERROR_DOM_MEDIA_FATAL_ERR (0x806e0005) - RefPtr<mozilla::MozPromise<RefPtr<mozilla::MediaTrackDemuxer::SamplesHolder>, mozilla::MediaResult, true> > mozilla::MediaSourceTrackDemuxer::DoGetSamples(int32_t): manager is detached.: file /build/firefox-8jFq3U/firefox-59.0.2+linuxmint1+sylvia/dom/media/MediaDecoderStateMachine.cpp, line 3453
Jun 03, 2018 15:20:47.45 [Child 9224, MediaPlayback #1] WARNING: Decoder=987a5940 Decode error: NS_ERROR_DOM_MEDIA_FATAL_ERR (0x806e0005) - RefPtr<mozilla::MozPromise<RefPtr<mozilla::MediaTrackDemuxer::SamplesHolder>, mozilla::MediaResult, true> > mozilla::MediaSourceTrackDemuxer::DoGetSamples(int32_t): manager is detached.: file /build/firefox-8jFq3U/firefox-59.0.2+linuxmint1+sylvia/dom/media/MediaDecoderStateMachine.cpp, line 3453
Jun 03, 2018 15:20:47.46 [Child 9224, MediaPlayback #1] WARNING: Decoder=987a5940 Decode error: NS_ERROR_DOM_MEDIA_FATAL_ERR (0x806e0005) - RefPtr<mozilla::MozPromise<RefPtr<mozilla::MediaTrackDemuxer::SamplesHolder>, mozilla::MediaResult, true> > mozilla::MediaSourceTrackDemuxer::DoGetSamples(int32_t): manager is detached.: file /build/firefox-8jFq3U/firefox-59.0.2+linuxmint1+sylvia/dom/media/MediaDecoderStateMachine.cpp, line 3453
